<?xml version="1.0" encoding="UTF-8"?>
<testsuite xmlns:xsi="http://www.w3.org/2001/XMLSchema-instance" xsi:noNamespaceSchemaLocation="https://maven.apache.org/surefire/maven-surefire-plugin/xsd/surefire-test-report.xsd" name="com.mycomp.app.AppTest" time="0.062" tests="1" errors="0" skipped="0" failures="0">
  <properties>
    <property name="java.specification.version" value="17"/>
    <property name="sun.cpu.isalist" value="amd64"/>
    <property name="sun.jnu.encoding" value="Cp1251"/>
    <property name="java.class.path" value="E:\.Java\IntelliJ\GFL\GoogleTasks\Tests\my-app\target\test-classes;E:\.Java\IntelliJ\GFL\GoogleTasks\Tests\my-app\target\classes;C:\Users\1\.m2\repository\junit\junit\4.11\junit-4.11.jar;C:\Users\1\.m2\repository\org\hamcrest\hamcrest-core\1.3\hamcrest-core-1.3.jar;"/>
    <property name="java.vm.vendor" value="Oracle Corporation"/>
    <property name="sun.arch.data.model" value="64"/>
    <property name="user.variant" value=""/>
    <property name="java.vendor.url" value="https://java.oracle.com/"/>
    <property name="user.timezone" value="Europe/Kiev"/>
    <property name="os.name" value="Windows 11"/>
    <property name="java.vm.specification.version" value="17"/>
    <property name="sun.java.launcher" value="SUN_STANDARD"/>
    <property name="user.country" value="US"/>
    <property name="sun.boot.library.path" value="C:\Program Files\Java\jdk-17.0.8\bin"/>
    <property name="sun.java.command" value="C:\Users\1\AppData\Local\Temp\surefire469931862907393040\surefirebooter1887440225222129397.jar C:\Users\1\AppData\Local\Temp\surefire469931862907393040 2024-01-29T16-14-52_900-jvmRun1 surefire17718701097628531873tmp surefire_011763795062852384623tmp"/>
    <property name="jdk.debug" value="release"/>
    <property name="surefire.test.class.path" value="E:\.Java\IntelliJ\GFL\GoogleTasks\Tests\my-app\target\test-classes;E:\.Java\IntelliJ\GFL\GoogleTasks\Tests\my-app\target\classes;C:\Users\1\.m2\repository\junit\junit\4.11\junit-4.11.jar;C:\Users\1\.m2\repository\org\hamcrest\hamcrest-core\1.3\hamcrest-core-1.3.jar;"/>
    <property name="sun.cpu.endian" value="little"/>
    <property name="user.home" value="C:\Users\1"/>
    <property name="user.language" value="en"/>
    <property name="java.specification.vendor" value="Oracle Corporation"/>
    <property name="java.version.date" value="2023-07-18"/>
    <property name="java.home" value="C:\Program Files\Java\jdk-17.0.8"/>
    <property name="file.separator" value="\"/>
    <property name="basedir" value="E:\.Java\IntelliJ\GFL\GoogleTasks\Tests\my-app"/>
    <property name="java.vm.compressedOopsMode" value="32-bit"/>
    <property name="line.separator" value="&#10;"/>
    <property name="java.vm.specification.vendor" value="Oracle Corporation"/>
    <property name="java.specification.name" value="Java Platform API Specification"/>
    <property name="surefire.real.class.path" value="C:\Users\1\AppData\Local\Temp\surefire469931862907393040\surefirebooter1887440225222129397.jar"/>
    <property name="user.script" value=""/>
    <property name="sun.management.compiler" value="HotSpot 64-Bit Tiered Compilers"/>
    <property name="java.runtime.version" value="17.0.8+9-LTS-211"/>
    <property name="user.name" value="1"/>
    <property name="path.separator" value=";"/>
    <property name="os.version" value="10.0"/>
    <property name="java.runtime.name" value="Java(TM) SE Runtime Environment"/>
    <property name="file.encoding" value="Cp1251"/>
    <property name="java.vm.name" value="Java HotSpot(TM) 64-Bit Server VM"/>
    <property name="localRepository" value="C:\Users\1\.m2\repository"/>
    <property name="java.vendor.url.bug" value="https://bugreport.java.com/bugreport/"/>
    <property name="java.io.tmpdir" value="C:\Users\1\AppData\Local\Temp\"/>
    <property name="java.version" value="17.0.8"/>
    <property name="user.dir" value="E:\.Java\IntelliJ\GFL\GoogleTasks\Tests\my-app"/>
    <property name="os.arch" value="amd64"/>
    <property name="java.vm.specification.name" value="Java Virtual Machine Specification"/>
    <property name="sun.os.patch.level" value=""/>
    <property name="native.encoding" value="Cp1251"/>
    <property name="java.library.path" value="C:\Program Files\Java\jdk-17.0.8\bin;C:\WINDOWS\Sun\Java\bin;C:\WINDOWS\system32;C:\WINDOWS;D:\Python312\Scripts\;D:\Python312\;D:\ProgramData\Anaconda3\Library\bin;D:\ProgramData\Anaconda3\Scripts;D:\ProgramData\Anaconda3\condabin;E:\workstation installer\bin\;C:\WINDOWS\system32;C:\WINDOWS;C:\WINDOWS\System32\Wbem;C:\WINDOWS\System32\WindowsPowerShell\v1.0\;C:\WINDOWS\System32\OpenSSH\;D:\Wget;D:\.php;E:\Program Files\PostgreSQL\14\bin;D:\Program Files\Git\cmd;C:\Users\1\AppData\Roaming\npm\;C:\Program Files\Notepad++;C:\Program Files\PowerShell\7\;D:\3 course 2 semester\Web\Studying PHP\php\php;C:\Users\1\AppData\Roaming\pypoetry\venv\Scripts;D:\__olcGameEngine\olcPixelGameEngine\;C:\Program Files\PuTTY\;C:\Program Files\Apache Maven\apache-maven-3.9.2\bin;D:\AppData\Roaming\nvm;D:\Program Files\nodejs;E:\Program Files (x86)\mongosh-1.10.3-win32-x64\bin;E:\Program Files\MySQL\MySQL Server 8.0\bin;C:\Program Files (x86)\dotnet-core-uninstall\;C:\Program Files\dotnet\;D:\Program Files (x86)\CMake\bin;D:\Program Files\JetBrains\IntelliJ IDEA Community Edition 2023.1.3\bin;C:\Program Files (x86)\NVIDIA Corporation\PhysX\Common;C:\Program Files\NVIDIA Corporation\NVIDIA NvDLISR;C:\Program Files\Java\jdk-17.0.8\bin;C:\Program Files\Java\jdk-17.0.8\bin\javaw.exe;D:\Gradle\gradle-8.4\bin;D:\_Flutter_\dev\flutter\bin;D:\_Flutter_\dev\cmdline-tools\tools\bin;D:\_Flutter_\dev\cmdline-tools\cmdline-tools\latest\bin;D:\_Flutter_\dev\cmdline-tools\bin;D:\_Flutter_\dev\cmdline-tools\platform-tools;D:\_Flutter_\dev\cmdline-tools\emulator;D:\_Flutter_\dev\cmdline-tools\tools;D:\_Flutter_\dev\cmdline-tools\tools;D:\_Flutter_\dev\cmdline-tools\platform-tools;D:\_Flutter_\dev\cmdline-tools\emulator;D:\Windows Kits\10\Windows Performance Toolkit\;C:\ProgramData\chocolatey;E:\Program Files\msys64\mingw64\bin\g++.exe;E:\Program Files\msys64\mingw64\bin\gcc.exe;E:\Program Files\msys64\mingw64\bin;E:\Program Files\msys64\;E:\Program Files\CMake\bin;D:\.SpringCLI\spring-3.2.0\bin;D:\Python312\Scripts\;D:\Python312\;D:\ProgramData\Anaconda3\Library\bin;D:\ProgramData\Anaconda3\Scripts;D:\ProgramData\Anaconda3\condabin;C:\Program Files (x86)\NVIDIA Corporation\PhysX\Common;E:\workstation installer\bin\;C:\WINDOWS\system32;C:\WINDOWS;C:\WINDOWS\System32\Wbem;C:\WINDOWS\System32\WindowsPowerShell\v1.0\;C:\WINDOWS\System32\OpenSSH\;D:\Wget;D:\.php;E:\Program Files\PostgreSQL\14\bin;D:\Program Files\Git\cmd;C:\Users\1\AppData\Roaming\npm\;C:\Program Files\Notepad++;C:\Program Files\PowerShell\7\;D:\3 course 2 semester\Web\Studying PHP\php\php;C:\Users\1\AppData\Roaming\pypoetry\venv\Scripts;D:\__olcGameEngine\olcPixelGameEngine\;C:\Program Files\PuTTY\;C:\Program Files\Apache Maven\apache-maven-3.9.2\bin;C:\Program Files\Docker\Docker\resources\bin;D:\AppData\Roaming\nvm;D:\Program Files\nodejs;E:\Program Files (x86)\mongosh-1.10.3-win32-x64\bin;E:\Program Files\MySQL\MySQL Server 8.0\bin;C:\Program Files (x86)\dotnet-core-uninstall\;C:\Program Files\dotnet\;D:\Program Files (x86)\CMake\bin;D:\Microsoft VS Code\bin;C:\tools\neovim\nvim-win64\bin;;."/>
    <property name="java.vm.info" value="mixed mode, sharing"/>
    <property name="java.vendor" value="Oracle Corporation"/>
    <property name="java.vm.version" value="17.0.8+9-LTS-211"/>
    <property name="sun.io.unicode.encoding" value="UnicodeLittle"/>
    <property name="java.class.version" value="61.0"/>
  </properties>
  <testcase name="shouldAnswerWithTrue" classname="com.mycomp.app.AppTest" time="0"/>
</testsuite>